#-----------------------------------------------------------
# Vivado v2016.3 (64-bit)
# SW Build 1682563 on Mon Oct 10 19:07:27 MDT 2016
# IP Build 1681267 on Mon Oct 10 21:28:31 MDT 2016
# Start of session at: Sat Apr 13 18:55:52 2019
# Process ID: 3608
# Current directory: D:/Profiles/Administrator/Desktop/Tetris/main
# Command line: vivado.exe -gui_launcher_event rodinguilauncherevent3032 D:\Profiles\Administrator\Desktop\Tetris\main\main.xpr
# Log file: D:/Profiles/Administrator/Desktop/Tetris/main/vivado.log
# Journal file: D:/Profiles/Administrator/Desktop/Tetris/main\vivado.jou
#-----------------------------------------------------------
start_gui
open_project D:/Profiles/Administrator/Desktop/Tetris/main/main.xpr
Scanning sources...
Finished scanning sources
WARNING: [filemgmt 56-3] IP Output Repository Path: Could not find the directory 'D:/Profiles/Administrator/Desktop/Tetris/main/main.cache/ip'.
INFO: [IP_Flow 19-234] Refreshing IP repositories
INFO: [IP_Flow 19-1704] No user IP repositories specified
INFO: [IP_Flow 19-2313] Loaded Vivado IP repository 'C:/Xilinx/Vivado/2016.3/data/ip'.
open_project: Time (s): cpu = 00:00:09 ; elapsed = 00:00:19 . Memory (MB): peak = 829.277 ; gain = 172.930
WARNING: [filemgmt 20-344] File circular dependency detected using rule: define-before-use.
INFO: [filemgmt 20-352] Relaxing define-before-use dependency to only entity and package declarations.
reset_run synth_1
launch_runs impl_1
WARNING: [filemgmt 20-344] File circular dependency detected using rule: define-before-use.
INFO: [filemgmt 20-352] Relaxing define-before-use dependency to only entity and package declarations.
[Sat Apr 13 19:19:46 2019] Launched synth_1...
Run output will be captured here: D:/Profiles/Administrator/Desktop/Tetris/main/main.runs/synth_1/runme.log
[Sat Apr 13 19:19:46 2019] Launched impl_1...
Run output will be captured here: D:/Profiles/Administrator/Desktop/Tetris/main/main.runs/impl_1/runme.log
launch_runs: Time (s): cpu = 00:00:01 ; elapsed = 00:00:06 . Memory (MB): peak = 859.340 ; gain = 0.000
WARNING: [filemgmt 20-344] File circular dependency detected using rule: define-before-use.
INFO: [filemgmt 20-352] Relaxing define-before-use dependency to only entity and package declarations.
launch_runs impl_1 -to_step write_bitstream
[Sat Apr 13 19:22:00 2019] Launched impl_1...
Run output will be captured here: D:/Profiles/Administrator/Desktop/Tetris/main/main.runs/impl_1/runme.log
reset_run impl_1 -prev_step 
launch_runs impl_1 -to_step write_bitstream
[Sat Apr 13 19:22:08 2019] Launched impl_1...
Run output will be captured here: D:/Profiles/Administrator/Desktop/Tetris/main/main.runs/impl_1/runme.log
open_hw
connect_hw_server
INFO: [Labtools 27-2285] Connecting to hw_server url TCP:localhost:3121
INFO: [Labtools 27-2222] Launching hw_server...
INFO: [Labtools 27-2221] Launch Output:

****** Xilinx hw_server v2016.3
  **** Build date : Oct 10 2016-19:47:06
    ** Copyright 1986-2016 Xilinx, Inc. All Rights Reserved.


connect_hw_server: Time (s): cpu = 00:00:00 ; elapsed = 00:00:05 . Memory (MB): peak = 859.340 ; gain = 0.000
open_hw_target
ERROR: [Labtoolstcl 44-469] There is no current hw_target.
disconnect_hw_server localhost:3121
connect_hw_server
INFO: [Labtools 27-2285] Connecting to hw_server url TCP:localhost:3121
open_hw_target
ERROR: [Labtoolstcl 44-469] There is no current hw_target.
disconnect_hw_server localhost:3121
connect_hw_server
INFO: [Labtools 27-2285] Connecting to hw_server url TCP:localhost:3121
open_hw_target
ERROR: [Labtoolstcl 44-469] There is no current hw_target.
disconnect_hw_server localhost:3121
connect_hw_server
INFO: [Labtools 27-2285] Connecting to hw_server url TCP:localhost:3121
open_hw_target
ERROR: [Labtoolstcl 44-469] There is no current hw_target.
disconnect_hw_server localhost:3121
connect_hw_server
INFO: [Labtools 27-2285] Connecting to hw_server url TCP:localhost:3121
open_hw_target
ERROR: [Labtoolstcl 44-469] There is no current hw_target.
disconnect_hw_server localhost:3121
connect_hw_server
INFO: [Labtools 27-2285] Connecting to hw_server url TCP:localhost:3121
open_hw_target
ERROR: [Labtoolstcl 44-469] There is no current hw_target.
disconnect_hw_server localhost:3121
connect_hw_server
INFO: [Labtools 27-2285] Connecting to hw_server url TCP:localhost:3121
open_hw_target
ERROR: [Labtoolstcl 44-469] There is no current hw_target.
disconnect_hw_server localhost:3121
connect_hw_server
INFO: [Labtools 27-2285] Connecting to hw_server url TCP:localhost:3121
open_hw_target
ERROR: [Labtoolstcl 44-469] There is no current hw_target.
disconnect_hw_server localhost:3121
connect_hw_server
INFO: [Labtools 27-2285] Connecting to hw_server url TCP:localhost:3121
open_hw_target
ERROR: [Labtoolstcl 44-469] There is no current hw_target.
disconnect_hw_server localhost:3121
connect_hw_server
INFO: [Labtools 27-2285] Connecting to hw_server url TCP:localhost:3121
open_hw_target
ERROR: [Labtoolstcl 44-469] There is no current hw_target.
disconnect_hw_server localhost:3121
connect_hw_server
INFO: [Labtools 27-2285] Connecting to hw_server url TCP:localhost:3121
open_hw_target
ERROR: [Labtoolstcl 44-469] There is no current hw_target.
disconnect_hw_server localhost:3121
connect_hw_server
INFO: [Labtools 27-2285] Connecting to hw_server url TCP:localhost:3121
open_hw_target
ERROR: [Labtoolstcl 44-469] There is no current hw_target.
disconnect_hw_server localhost:3121
connect_hw_server
INFO: [Labtools 27-2285] Connecting to hw_server url TCP:localhost:3121
open_hw_target
ERROR: [Labtoolstcl 44-469] There is no current hw_target.
disconnect_hw_server localhost:3121
connect_hw_server
INFO: [Labtools 27-2285] Connecting to hw_server url TCP:localhost:3121
open_hw_target
ERROR: [Labtoolstcl 44-469] There is no current hw_target.
disconnect_hw_server localhost:3121
connect_hw_server
INFO: [Labtools 27-2285] Connecting to hw_server url TCP:localhost:3121
open_hw_target
ERROR: [Labtoolstcl 44-469] There is no current hw_target.
disconnect_hw_server localhost:3121
connect_hw_server
INFO: [Labtools 27-2285] Connecting to hw_server url TCP:localhost:3121
open_hw_target
ERROR: [Labtoolstcl 44-469] There is no current hw_target.
disconnect_hw_server localhost:3121
connect_hw_server
INFO: [Labtools 27-2285] Connecting to hw_server url TCP:localhost:3121
open_hw_target
ERROR: [Labtoolstcl 44-469] There is no current hw_target.
disconnect_hw_server localhost:3121
connect_hw_server
INFO: [Labtools 27-2285] Connecting to hw_server url TCP:localhost:3121
open_hw_target
ERROR: [Labtoolstcl 44-469] There is no current hw_target.
disconnect_hw_server localhost:3121
connect_hw_server
INFO: [Labtools 27-2285] Connecting to hw_server url TCP:localhost:3121
open_hw_target
ERROR: [Labtoolstcl 44-469] There is no current hw_target.
disconnect_hw_server localhost:3121
connect_hw_server
INFO: [Labtools 27-2285] Connecting to hw_server url TCP:localhost:3121
open_hw_target
ERROR: [Labtoolstcl 44-469] There is no current hw_target.
disconnect_hw_server localhost:3121
connect_hw_server
INFO: [Labtools 27-2285] Connecting to hw_server url TCP:localhost:3121
open_hw_target
ERROR: [Labtoolstcl 44-469] There is no current hw_target.
disconnect_hw_server localhost:3121
connect_hw_server
INFO: [Labtools 27-2285] Connecting to hw_server url TCP:localhost:3121
open_hw_target
ERROR: [Labtoolstcl 44-469] There is no current hw_target.
disconnect_hw_server localhost:3121
connect_hw_server
INFO: [Labtools 27-2285] Connecting to hw_server url TCP:localhost:3121
open_hw_target
ERROR: [Labtoolstcl 44-469] There is no current hw_target.
disconnect_hw_server localhost:3121
connect_hw_server
INFO: [Labtools 27-2285] Connecting to hw_server url TCP:localhost:3121
open_hw_target
ERROR: [Labtoolstcl 44-469] There is no current hw_target.
disconnect_hw_server localhost:3121
connect_hw_server
INFO: [Labtools 27-2285] Connecting to hw_server url TCP:localhost:3121
open_hw_target
ERROR: [Labtoolstcl 44-469] There is no current hw_target.
disconnect_hw_server localhost:3121
connect_hw_server
INFO: [Labtools 27-2285] Connecting to hw_server url TCP:localhost:3121
open_hw_target
ERROR: [Labtoolstcl 44-469] There is no current hw_target.
disconnect_hw_server localhost:3121
connect_hw_server
INFO: [Labtools 27-2285] Connecting to hw_server url TCP:localhost:3121
open_hw_target
ERROR: [Labtoolstcl 44-469] There is no current hw_target.
disconnect_hw_server localhost:3121
connect_hw_server
INFO: [Labtools 27-2285] Connecting to hw_server url TCP:localhost:3121
open_hw_target
ERROR: [Labtoolstcl 44-469] There is no current hw_target.
disconnect_hw_server localhost:3121
connect_hw_server
INFO: [Labtools 27-2285] Connecting to hw_server url TCP:localhost:3121
open_hw_target
INFO: [Labtoolstcl 44-466] Opening hw_target localhost:3121/xilinx_tcf/Digilent/210248657192
set_property PROGRAM.FILE {D:/Profiles/Administrator/Desktop/Tetris/main/main.runs/impl_1/main.bit} [lindex [get_hw_devices xc7z020_1] 0]
current_hw_device [lindex [get_hw_devices xc7z020_1] 0]
refresh_hw_device -update_hw_probes false [lindex [get_hw_devices xc7z020_1] 0]
INFO: [Labtools 27-1434] Device xc7z020 (JTAG device index = 1) is programmed with a design that has no supported debug core(s) in it.
WARNING: [Labtools 27-3123] The debug hub core was not detected at User Scan Chain 1 or 3.
Resolution: 
1. Make sure the clock connected to the debug hub (dbg_hub) core is a free running clock and is active OR
2. Manually launch hw_server with -e "set xsdb-user-bscan <C_USER_SCAN_CHAIN scan_chain_number>" to detect the debug hub at User Scan Chain of 2 or 4. To determine the user scan chain setting, open the implemented design and use: get_property C_USER_SCAN_CHAIN [get_debug_cores dbg_hub].
set_property PROBES.FILE {} [lindex [get_hw_devices xc7z020_1] 0]
set_property PROGRAM.FILE {D:/Profiles/Administrator/Desktop/Tetris/main/main.runs/impl_1/main.bit} [lindex [get_hw_devices xc7z020_1] 0]
program_hw_devices [lindex [get_hw_devices xc7z020_1] 0]
INFO: [Labtools 27-3164] End of startup status: HIGH
refresh_hw_device [lindex [get_hw_devices xc7z020_1] 0]
INFO: [Labtools 27-1434] Device xc7z020 (JTAG device index = 1) is programmed with a design that has no supported debug core(s) in it.
WARNING: [Labtools 27-3123] The debug hub core was not detected at User Scan Chain 1 or 3.
Resolution: 
1. Make sure the clock connected to the debug hub (dbg_hub) core is a free running clock and is active OR
2. Manually launch hw_server with -e "set xsdb-user-bscan <C_USER_SCAN_CHAIN scan_chain_number>" to detect the debug hub at User Scan Chain of 2 or 4. To determine the user scan chain setting, open the implemented design and use: get_property C_USER_SCAN_CHAIN [get_debug_cores dbg_hub].
reset_run impl_1
launch_runs impl_1
[Sat Apr 13 19:25:34 2019] Launched impl_1...
Run output will be captured here: D:/Profiles/Administrator/Desktop/Tetris/main/main.runs/impl_1/runme.log
WARNING: [filemgmt 20-344] File circular dependency detected using rule: define-before-use.
INFO: [filemgmt 20-352] Relaxing define-before-use dependency to only entity and package declarations.
reset_run synth_1
WARNING: [Vivado 12-1017] Problems encountered:
1. Failed to delete one or more files in run directory D:/Profiles/Administrator/Desktop/Tetris/main/main.runs/synth_1

launch_runs impl_1 -to_step write_bitstream
WARNING: [filemgmt 20-344] File circular dependency detected using rule: define-before-use.
INFO: [filemgmt 20-352] Relaxing define-before-use dependency to only entity and package declarations.
[Sat Apr 13 19:26:42 2019] Launched synth_1...
Run output will be captured here: D:/Profiles/Administrator/Desktop/Tetris/main/main.runs/synth_1/runme.log
[Sat Apr 13 19:26:42 2019] Launched impl_1...
Run output will be captured here: D:/Profiles/Administrator/Desktop/Tetris/main/main.runs/impl_1/runme.log
set_property PROBES.FILE {} [lindex [get_hw_devices xc7z020_1] 0]
set_property PROGRAM.FILE {D:/Profiles/Administrator/Desktop/Tetris/main/main.runs/impl_1/main.bit} [lindex [get_hw_devices xc7z020_1] 0]
program_hw_devices [lindex [get_hw_devices xc7z020_1] 0]
INFO: [Labtools 27-3164] End of startup status: HIGH
refresh_hw_device [lindex [get_hw_devices xc7z020_1] 0]
INFO: [Labtools 27-1434] Device xc7z020 (JTAG device index = 1) is programmed with a design that has no supported debug core(s) in it.
WARNING: [Labtools 27-3123] The debug hub core was not detected at User Scan Chain 1 or 3.
Resolution: 
1. Make sure the clock connected to the debug hub (dbg_hub) core is a free running clock and is active OR
2. Manually launch hw_server with -e "set xsdb-user-bscan <C_USER_SCAN_CHAIN scan_chain_number>" to detect the debug hub at User Scan Chain of 2 or 4. To determine the user scan chain setting, open the implemented design and use: get_property C_USER_SCAN_CHAIN [get_debug_cores dbg_hub].
reset_run impl_1
launch_runs impl_1
[Sat Apr 13 19:30:56 2019] Launched impl_1...
Run output will be captured here: D:/Profiles/Administrator/Desktop/Tetris/main/main.runs/impl_1/runme.log
WARNING: [filemgmt 20-344] File circular dependency detected using rule: define-before-use.
INFO: [filemgmt 20-352] Relaxing define-before-use dependency to only entity and package declarations.
reset_run synth_1
WARNING: [Vivado 12-1017] Problems encountered:
1. Failed to delete one or more files in run directory D:/Profiles/Administrator/Desktop/Tetris/main/main.runs/synth_1

launch_runs impl_1 -to_step write_bitstream
WARNING: [filemgmt 20-344] File circular dependency detected using rule: define-before-use.
INFO: [filemgmt 20-352] Relaxing define-before-use dependency to only entity and package declarations.
[Sat Apr 13 19:32:02 2019] Launched synth_1...
Run output will be captured here: D:/Profiles/Administrator/Desktop/Tetris/main/main.runs/synth_1/runme.log
[Sat Apr 13 19:32:02 2019] Launched impl_1...
Run output will be captured here: D:/Profiles/Administrator/Desktop/Tetris/main/main.runs/impl_1/runme.log
set_property PROBES.FILE {} [lindex [get_hw_devices xc7z020_1] 0]
set_property PROGRAM.FILE {D:/Profiles/Administrator/Desktop/Tetris/main/main.runs/impl_1/main.bit} [lindex [get_hw_devices xc7z020_1] 0]
program_hw_devices [lindex [get_hw_devices xc7z020_1] 0]
INFO: [Labtools 27-3164] End of startup status: HIGH
refresh_hw_device [lindex [get_hw_devices xc7z020_1] 0]
INFO: [Labtools 27-1434] Device xc7z020 (JTAG device index = 1) is programmed with a design that has no supported debug core(s) in it.
WARNING: [Labtools 27-3123] The debug hub core was not detected at User Scan Chain 1 or 3.
Resolution: 
1. Make sure the clock connected to the debug hub (dbg_hub) core is a free running clock and is active OR
2. Manually launch hw_server with -e "set xsdb-user-bscan <C_USER_SCAN_CHAIN scan_chain_number>" to detect the debug hub at User Scan Chain of 2 or 4. To determine the user scan chain setting, open the implemented design and use: get_property C_USER_SCAN_CHAIN [get_debug_cores dbg_hub].
reset_run impl_1
launch_runs impl_1
[Sat Apr 13 19:36:38 2019] Launched impl_1...
Run output will be captured here: D:/Profiles/Administrator/Desktop/Tetris/main/main.runs/impl_1/runme.log
WARNING: [filemgmt 20-344] File circular dependency detected using rule: define-before-use.
INFO: [filemgmt 20-352] Relaxing define-before-use dependency to only entity and package declarations.
reset_run synth_1
WARNING: [Vivado 12-1017] Problems encountered:
1. Failed to delete one or more files in run directory D:/Profiles/Administrator/Desktop/Tetris/main/main.runs/synth_1

launch_runs impl_1 -to_step write_bitstream
WARNING: [filemgmt 20-344] File circular dependency detected using rule: define-before-use.
INFO: [filemgmt 20-352] Relaxing define-before-use dependency to only entity and package declarations.
[Sat Apr 13 19:37:47 2019] Launched synth_1...
Run output will be captured here: D:/Profiles/Administrator/Desktop/Tetris/main/main.runs/synth_1/runme.log
[Sat Apr 13 19:37:47 2019] Launched impl_1...
Run output will be captured here: D:/Profiles/Administrator/Desktop/Tetris/main/main.runs/impl_1/runme.log
set_property PROBES.FILE {} [lindex [get_hw_devices xc7z020_1] 0]
set_property PROGRAM.FILE {D:/Profiles/Administrator/Desktop/Tetris/main/main.runs/impl_1/main.bit} [lindex [get_hw_devices xc7z020_1] 0]
program_hw_devices [lindex [get_hw_devices xc7z020_1] 0]
INFO: [Labtools 27-3164] End of startup status: HIGH
refresh_hw_device [lindex [get_hw_devices xc7z020_1] 0]
INFO: [Labtools 27-1434] Device xc7z020 (JTAG device index = 1) is programmed with a design that has no supported debug core(s) in it.
WARNING: [Labtools 27-3123] The debug hub core was not detected at User Scan Chain 1 or 3.
Resolution: 
1. Make sure the clock connected to the debug hub (dbg_hub) core is a free running clock and is active OR
2. Manually launch hw_server with -e "set xsdb-user-bscan <C_USER_SCAN_CHAIN scan_chain_number>" to detect the debug hub at User Scan Chain of 2 or 4. To determine the user scan chain setting, open the implemented design and use: get_property C_USER_SCAN_CHAIN [get_debug_cores dbg_hub].
reset_run impl_1
launch_runs impl_1
[Sat Apr 13 19:45:29 2019] Launched impl_1...
Run output will be captured here: D:/Profiles/Administrator/Desktop/Tetris/main/main.runs/impl_1/runme.log
WARNING: [filemgmt 20-344] File circular dependency detected using rule: define-before-use.
INFO: [filemgmt 20-352] Relaxing define-before-use dependency to only entity and package declarations.
reset_run synth_1
WARNING: [Vivado 12-1017] Problems encountered:
1. Failed to delete one or more files in run directory D:/Profiles/Administrator/Desktop/Tetris/main/main.runs/synth_1

launch_runs impl_1 -to_step write_bitstream
WARNING: [filemgmt 20-344] File circular dependency detected using rule: define-before-use.
INFO: [filemgmt 20-352] Relaxing define-before-use dependency to only entity and package declarations.
[Sat Apr 13 19:46:35 2019] Launched synth_1...
Run output will be captured here: D:/Profiles/Administrator/Desktop/Tetris/main/main.runs/synth_1/runme.log
[Sat Apr 13 19:46:35 2019] Launched impl_1...
Run output will be captured here: D:/Profiles/Administrator/Desktop/Tetris/main/main.runs/impl_1/runme.log
set_property PROBES.FILE {} [lindex [get_hw_devices xc7z020_1] 0]
set_property PROGRAM.FILE {D:/Profiles/Administrator/Desktop/Tetris/main/main.runs/impl_1/main.bit} [lindex [get_hw_devices xc7z020_1] 0]
program_hw_devices [lindex [get_hw_devices xc7z020_1] 0]
INFO: [Labtools 27-3164] End of startup status: HIGH
refresh_hw_device [lindex [get_hw_devices xc7z020_1] 0]
INFO: [Labtools 27-1434] Device xc7z020 (JTAG device index = 1) is programmed with a design that has no supported debug core(s) in it.
WARNING: [Labtools 27-3123] The debug hub core was not detected at User Scan Chain 1 or 3.
Resolution: 
1. Make sure the clock connected to the debug hub (dbg_hub) core is a free running clock and is active OR
2. Manually launch hw_server with -e "set xsdb-user-bscan <C_USER_SCAN_CHAIN scan_chain_number>" to detect the debug hub at User Scan Chain of 2 or 4. To determine the user scan chain setting, open the implemented design and use: get_property C_USER_SCAN_CHAIN [get_debug_cores dbg_hub].
reset_run impl_1
launch_runs impl_1
[Sat Apr 13 19:56:08 2019] Launched impl_1...
Run output will be captured here: D:/Profiles/Administrator/Desktop/Tetris/main/main.runs/impl_1/runme.log
WARNING: [filemgmt 20-344] File circular dependency detected using rule: define-before-use.
INFO: [filemgmt 20-352] Relaxing define-before-use dependency to only entity and package declarations.
reset_run synth_1
WARNING: [Vivado 12-1017] Problems encountered:
1. Failed to delete one or more files in run directory D:/Profiles/Administrator/Desktop/Tetris/main/main.runs/synth_1

launch_runs impl_1 -to_step write_bitstream
WARNING: [filemgmt 20-344] File circular dependency detected using rule: define-before-use.
INFO: [filemgmt 20-352] Relaxing define-before-use dependency to only entity and package declarations.
[Sat Apr 13 19:57:26 2019] Launched synth_1...
Run output will be captured here: D:/Profiles/Administrator/Desktop/Tetris/main/main.runs/synth_1/runme.log
[Sat Apr 13 19:57:26 2019] Launched impl_1...
Run output will be captured here: D:/Profiles/Administrator/Desktop/Tetris/main/main.runs/impl_1/runme.log
reset_run impl_1
launch_runs impl_1
[Sat Apr 13 20:02:43 2019] Launched impl_1...
Run output will be captured here: D:/Profiles/Administrator/Desktop/Tetris/main/main.runs/impl_1/runme.log
WARNING: [filemgmt 20-344] File circular dependency detected using rule: define-before-use.
INFO: [filemgmt 20-352] Relaxing define-before-use dependency to only entity and package declarations.
reset_run synth_1
WARNING: [Vivado 12-1017] Problems encountered:
1. Failed to delete one or more files in run directory D:/Profiles/Administrator/Desktop/Tetris/main/main.runs/synth_1

launch_runs impl_1 -to_step write_bitstream
WARNING: [filemgmt 20-344] File circular dependency detected using rule: define-before-use.
INFO: [filemgmt 20-352] Relaxing define-before-use dependency to only entity and package declarations.
[Sat Apr 13 20:03:49 2019] Launched synth_1...
Run output will be captured here: D:/Profiles/Administrator/Desktop/Tetris/main/main.runs/synth_1/runme.log
[Sat Apr 13 20:03:49 2019] Launched impl_1...
Run output will be captured here: D:/Profiles/Administrator/Desktop/Tetris/main/main.runs/impl_1/runme.log
reset_run impl_1
launch_runs impl_1
[Sat Apr 13 20:07:41 2019] Launched impl_1...
Run output will be captured here: D:/Profiles/Administrator/Desktop/Tetris/main/main.runs/impl_1/runme.log
WARNING: [filemgmt 20-344] File circular dependency detected using rule: define-before-use.
INFO: [filemgmt 20-352] Relaxing define-before-use dependency to only entity and package declarations.
reset_run synth_1
WARNING: [Vivado 12-1017] Problems encountered:
1. Failed to delete one or more files in run directory D:/Profiles/Administrator/Desktop/Tetris/main/main.runs/synth_1

launch_runs impl_1 -to_step write_bitstream
WARNING: [filemgmt 20-344] File circular dependency detected using rule: define-before-use.
INFO: [filemgmt 20-352] Relaxing define-before-use dependency to only entity and package declarations.
[Sat Apr 13 20:08:57 2019] Launched synth_1...
Run output will be captured here: D:/Profiles/Administrator/Desktop/Tetris/main/main.runs/synth_1/runme.log
[Sat Apr 13 20:08:57 2019] Launched impl_1...
Run output will be captured here: D:/Profiles/Administrator/Desktop/Tetris/main/main.runs/impl_1/runme.log
WARNING: [filemgmt 20-344] File circular dependency detected using rule: define-before-use.
INFO: [filemgmt 20-352] Relaxing define-before-use dependency to only entity and package declarations.
set_property PROBES.FILE {} [lindex [get_hw_devices xc7z020_1] 0]
set_property PROGRAM.FILE {D:/Profiles/Administrator/Desktop/Tetris/main/main.runs/impl_1/main.bit} [lindex [get_hw_devices xc7z020_1] 0]
program_hw_devices [lindex [get_hw_devices xc7z020_1] 0]
INFO: [Labtools 27-3164] End of startup status: HIGH
refresh_hw_device [lindex [get_hw_devices xc7z020_1] 0]
INFO: [Labtools 27-1434] Device xc7z020 (JTAG device index = 1) is programmed with a design that has no supported debug core(s) in it.
WARNING: [Labtools 27-3123] The debug hub core was not detected at User Scan Chain 1 or 3.
Resolution: 
1. Make sure the clock connected to the debug hub (dbg_hub) core is a free running clock and is active OR
2. Manually launch hw_server with -e "set xsdb-user-bscan <C_USER_SCAN_CHAIN scan_chain_number>" to detect the debug hub at User Scan Chain of 2 or 4. To determine the user scan chain setting, open the implemented design and use: get_property C_USER_SCAN_CHAIN [get_debug_cores dbg_hub].
reset_run impl_1
launch_runs impl_1
[Sat Apr 13 20:13:20 2019] Launched impl_1...
Run output will be captured here: D:/Profiles/Administrator/Desktop/Tetris/main/main.runs/impl_1/runme.log
WARNING: [filemgmt 20-344] File circular dependency detected using rule: define-before-use.
INFO: [filemgmt 20-352] Relaxing define-before-use dependency to only entity and package declarations.
reset_run synth_1
WARNING: [Vivado 12-1017] Problems encountered:
1. Failed to delete one or more files in run directory D:/Profiles/Administrator/Desktop/Tetris/main/main.runs/synth_1

launch_runs impl_1 -to_step write_bitstream
WARNING: [filemgmt 20-344] File circular dependency detected using rule: define-before-use.
INFO: [filemgmt 20-352] Relaxing define-before-use dependency to only entity and package declarations.
[Sat Apr 13 20:14:22 2019] Launched synth_1...
Run output will be captured here: D:/Profiles/Administrator/Desktop/Tetris/main/main.runs/synth_1/runme.log
[Sat Apr 13 20:14:22 2019] Launched impl_1...
Run output will be captured here: D:/Profiles/Administrator/Desktop/Tetris/main/main.runs/impl_1/runme.log
set_property PROBES.FILE {} [lindex [get_hw_devices xc7z020_1] 0]
set_property PROGRAM.FILE {D:/Profiles/Administrator/Desktop/Tetris/main/main.runs/impl_1/main.bit} [lindex [get_hw_devices xc7z020_1] 0]
program_hw_devices [lindex [get_hw_devices xc7z020_1] 0]
INFO: [Labtools 27-3164] End of startup status: HIGH
refresh_hw_device [lindex [get_hw_devices xc7z020_1] 0]
INFO: [Labtools 27-1434] Device xc7z020 (JTAG device index = 1) is programmed with a design that has no supported debug core(s) in it.
WARNING: [Labtools 27-3123] The debug hub core was not detected at User Scan Chain 1 or 3.
Resolution: 
1. Make sure the clock connected to the debug hub (dbg_hub) core is a free running clock and is active OR
2. Manually launch hw_server with -e "set xsdb-user-bscan <C_USER_SCAN_CHAIN scan_chain_number>" to detect the debug hub at User Scan Chain of 2 or 4. To determine the user scan chain setting, open the implemented design and use: get_property C_USER_SCAN_CHAIN [get_debug_cores dbg_hub].
reset_run impl_1
launch_runs impl_1
[Sat Apr 13 20:20:33 2019] Launched impl_1...
Run output will be captured here: D:/Profiles/Administrator/Desktop/Tetris/main/main.runs/impl_1/runme.log
WARNING: [filemgmt 20-344] File circular dependency detected using rule: define-before-use.
INFO: [filemgmt 20-352] Relaxing define-before-use dependency to only entity and package declarations.
reset_run synth_1
WARNING: [Vivado 12-1017] Problems encountered:
1. Failed to delete one or more files in run directory D:/Profiles/Administrator/Desktop/Tetris/main/main.runs/synth_1

launch_runs impl_1 -to_step write_bitstream
WARNING: [filemgmt 20-344] File circular dependency detected using rule: define-before-use.
INFO: [filemgmt 20-352] Relaxing define-before-use dependency to only entity and package declarations.
[Sat Apr 13 20:21:41 2019] Launched synth_1...
Run output will be captured here: D:/Profiles/Administrator/Desktop/Tetris/main/main.runs/synth_1/runme.log
[Sat Apr 13 20:21:41 2019] Launched impl_1...
Run output will be captured here: D:/Profiles/Administrator/Desktop/Tetris/main/main.runs/impl_1/runme.log
reset_run impl_1 -prev_step 
launch_runs impl_1 -to_step write_bitstream
[Sat Apr 13 20:23:43 2019] Launched impl_1...
Run output will be captured here: D:/Profiles/Administrator/Desktop/Tetris/main/main.runs/impl_1/runme.log
set_property PROBES.FILE {} [lindex [get_hw_devices xc7z020_1] 0]
set_property PROGRAM.FILE {D:/Profiles/Administrator/Desktop/Tetris/main/main.runs/impl_1/main.bit} [lindex [get_hw_devices xc7z020_1] 0]
program_hw_devices [lindex [get_hw_devices xc7z020_1] 0]
INFO: [Labtools 27-3164] End of startup status: HIGH
refresh_hw_device [lindex [get_hw_devices xc7z020_1] 0]
INFO: [Labtools 27-1434] Device xc7z020 (JTAG device index = 1) is programmed with a design that has no supported debug core(s) in it.
WARNING: [Labtools 27-3123] The debug hub core was not detected at User Scan Chain 1 or 3.
Resolution: 
1. Make sure the clock connected to the debug hub (dbg_hub) core is a free running clock and is active OR
2. Manually launch hw_server with -e "set xsdb-user-bscan <C_USER_SCAN_CHAIN scan_chain_number>" to detect the debug hub at User Scan Chain of 2 or 4. To determine the user scan chain setting, open the implemented design and use: get_property C_USER_SCAN_CHAIN [get_debug_cores dbg_hub].
set_property PROBES.FILE {} [lindex [get_hw_devices xc7z020_1] 0]
set_property PROGRAM.FILE {D:/Profiles/Administrator/Desktop/Tetris/main/main.runs/impl_1/main.bit} [lindex [get_hw_devices xc7z020_1] 0]
program_hw_devices [lindex [get_hw_devices xc7z020_1] 0]
INFO: [Labtools 27-3164] End of startup status: HIGH
refresh_hw_device [lindex [get_hw_devices xc7z020_1] 0]
INFO: [Labtools 27-1434] Device xc7z020 (JTAG device index = 1) is programmed with a design that has no supported debug core(s) in it.
WARNING: [Labtools 27-3123] The debug hub core was not detected at User Scan Chain 1 or 3.
Resolution: 
1. Make sure the clock connected to the debug hub (dbg_hub) core is a free running clock and is active OR
2. Manually launch hw_server with -e "set xsdb-user-bscan <C_USER_SCAN_CHAIN scan_chain_number>" to detect the debug hub at User Scan Chain of 2 or 4. To determine the user scan chain setting, open the implemented design and use: get_property C_USER_SCAN_CHAIN [get_debug_cores dbg_hub].
reset_run impl_1 -prev_step 
launch_runs impl_1 -to_step write_bitstream
[Sat Apr 13 20:29:33 2019] Launched impl_1...
Run output will be captured here: D:/Profiles/Administrator/Desktop/Tetris/main/main.runs/impl_1/runme.log
WARNING: [filemgmt 20-344] File circular dependency detected using rule: define-before-use.
INFO: [filemgmt 20-352] Relaxing define-before-use dependency to only entity and package declarations.
reset_run impl_1 -prev_step 
WARNING: [Vivado 12-1017] Problems encountered:
1. PID not specified

reset_run synth_1
WARNING: [Vivado 12-1017] Problems encountered:
1. Failed to delete one or more files in run directory D:/Profiles/Administrator/Desktop/Tetris/main/main.runs/synth_1

launch_runs impl_1
WARNING: [filemgmt 20-344] File circular dependency detected using rule: define-before-use.
INFO: [filemgmt 20-352] Relaxing define-before-use dependency to only entity and package declarations.
[Sat Apr 13 20:29:49 2019] Launched synth_1...
Run output will be captured here: D:/Profiles/Administrator/Desktop/Tetris/main/main.runs/synth_1/runme.log
[Sat Apr 13 20:29:49 2019] Launched impl_1...
Run output will be captured here: D:/Profiles/Administrator/Desktop/Tetris/main/main.runs/impl_1/runme.log
reset_run synth_1
WARNING: [Vivado 12-1017] Problems encountered:
1. Process appears to be on host '1004-9020-1819-' and cannot be killed from host '1004-9020-1819-042'

launch_runs impl_1
WARNING: [filemgmt 20-344] File circular dependency detected using rule: define-before-use.
INFO: [filemgmt 20-352] Relaxing define-before-use dependency to only entity and package declarations.
[Sat Apr 13 20:30:23 2019] Launched synth_1...
Run output will be captured here: D:/Profiles/Administrator/Desktop/Tetris/main/main.runs/synth_1/runme.log
[Sat Apr 13 20:30:23 2019] Launched impl_1...
Run output will be captured here: D:/Profiles/Administrator/Desktop/Tetris/main/main.runs/impl_1/runme.log
launch_runs impl_1 -to_step write_bitstream
[Sat Apr 13 20:33:13 2019] Launched impl_1...
Run output will be captured here: D:/Profiles/Administrator/Desktop/Tetris/main/main.runs/impl_1/runme.log
set_property PROBES.FILE {} [lindex [get_hw_devices xc7z020_1] 0]
set_property PROGRAM.FILE {D:/Profiles/Administrator/Desktop/Tetris/main/main.runs/impl_1/main.bit} [lindex [get_hw_devices xc7z020_1] 0]
program_hw_devices [lindex [get_hw_devices xc7z020_1] 0]
INFO: [Labtools 27-3164] End of startup status: HIGH
refresh_hw_device [lindex [get_hw_devices xc7z020_1] 0]
INFO: [Labtools 27-1434] Device xc7z020 (JTAG device index = 1) is programmed with a design that has no supported debug core(s) in it.
WARNING: [Labtools 27-3123] The debug hub core was not detected at User Scan Chain 1 or 3.
Resolution: 
1. Make sure the clock connected to the debug hub (dbg_hub) core is a free running clock and is active OR
2. Manually launch hw_server with -e "set xsdb-user-bscan <C_USER_SCAN_CHAIN scan_chain_number>" to detect the debug hub at User Scan Chain of 2 or 4. To determine the user scan chain setting, open the implemented design and use: get_property C_USER_SCAN_CHAIN [get_debug_cores dbg_hub].
reset_run impl_1
launch_runs impl_1
[Sat Apr 13 20:38:51 2019] Launched impl_1...
Run output will be captured here: D:/Profiles/Administrator/Desktop/Tetris/main/main.runs/impl_1/runme.log
WARNING: [filemgmt 20-344] File circular dependency detected using rule: define-before-use.
INFO: [filemgmt 20-352] Relaxing define-before-use dependency to only entity and package declarations.
reset_run synth_1
WARNING: [Vivado 12-1017] Problems encountered:
1. Failed to delete one or more files in run directory D:/Profiles/Administrator/Desktop/Tetris/main/main.runs/synth_1

launch_runs impl_1 -to_step write_bitstream
WARNING: [filemgmt 20-344] File circular dependency detected using rule: define-before-use.
INFO: [filemgmt 20-352] Relaxing define-before-use dependency to only entity and package declarations.
[Sat Apr 13 20:40:01 2019] Launched synth_1...
Run output will be captured here: D:/Profiles/Administrator/Desktop/Tetris/main/main.runs/synth_1/runme.log
[Sat Apr 13 20:40:01 2019] Launched impl_1...
Run output will be captured here: D:/Profiles/Administrator/Desktop/Tetris/main/main.runs/impl_1/runme.log
set_property PROBES.FILE {} [lindex [get_hw_devices xc7z020_1] 0]
set_property PROGRAM.FILE {D:/Profiles/Administrator/Desktop/Tetris/main/main.runs/impl_1/main.bit} [lindex [get_hw_devices xc7z020_1] 0]
program_hw_devices [lindex [get_hw_devices xc7z020_1] 0]
INFO: [Labtools 27-3164] End of startup status: HIGH
refresh_hw_device [lindex [get_hw_devices xc7z020_1] 0]
INFO: [Labtools 27-1434] Device xc7z020 (JTAG device index = 1) is programmed with a design that has no supported debug core(s) in it.
WARNING: [Labtools 27-3123] The debug hub core was not detected at User Scan Chain 1 or 3.
Resolution: 
1. Make sure the clock connected to the debug hub (dbg_hub) core is a free running clock and is active OR
2. Manually launch hw_server with -e "set xsdb-user-bscan <C_USER_SCAN_CHAIN scan_chain_number>" to detect the debug hub at User Scan Chain of 2 or 4. To determine the user scan chain setting, open the implemented design and use: get_property C_USER_SCAN_CHAIN [get_debug_cores dbg_hub].
reset_run impl_1
launch_runs impl_1
[Sat Apr 13 20:43:12 2019] Launched impl_1...
Run output will be captured here: D:/Profiles/Administrator/Desktop/Tetris/main/main.runs/impl_1/runme.log
WARNING: [filemgmt 20-344] File circular dependency detected using rule: define-before-use.
INFO: [filemgmt 20-352] Relaxing define-before-use dependency to only entity and package declarations.
reset_run synth_1
WARNING: [Vivado 12-1017] Problems encountered:
1. Failed to delete one or more files in run directory D:/Profiles/Administrator/Desktop/Tetris/main/main.runs/synth_1

launch_runs impl_1 -to_step write_bitstream
WARNING: [filemgmt 20-344] File circular dependency detected using rule: define-before-use.
INFO: [filemgmt 20-352] Relaxing define-before-use dependency to only entity and package declarations.
[Sat Apr 13 20:44:27 2019] Launched synth_1...
Run output will be captured here: D:/Profiles/Administrator/Desktop/Tetris/main/main.runs/synth_1/runme.log
[Sat Apr 13 20:44:27 2019] Launched impl_1...
Run output will be captured here: D:/Profiles/Administrator/Desktop/Tetris/main/main.runs/impl_1/runme.log
set_property PROBES.FILE {} [lindex [get_hw_devices xc7z020_1] 0]
set_property PROGRAM.FILE {D:/Profiles/Administrator/Desktop/Tetris/main/main.runs/impl_1/main.bit} [lindex [get_hw_devices xc7z020_1] 0]
program_hw_devices [lindex [get_hw_devices xc7z020_1] 0]
INFO: [Labtools 27-3164] End of startup status: HIGH
refresh_hw_device [lindex [get_hw_devices xc7z020_1] 0]
INFO: [Labtools 27-1434] Device xc7z020 (JTAG device index = 1) is programmed with a design that has no supported debug core(s) in it.
WARNING: [Labtools 27-3123] The debug hub core was not detected at User Scan Chain 1 or 3.
Resolution: 
1. Make sure the clock connected to the debug hub (dbg_hub) core is a free running clock and is active OR
2. Manually launch hw_server with -e "set xsdb-user-bscan <C_USER_SCAN_CHAIN scan_chain_number>" to detect the debug hub at User Scan Chain of 2 or 4. To determine the user scan chain setting, open the implemented design and use: get_property C_USER_SCAN_CHAIN [get_debug_cores dbg_hub].
reset_run impl_1
launch_runs impl_1
[Sat Apr 13 20:57:17 2019] Launched impl_1...
Run output will be captured here: D:/Profiles/Administrator/Desktop/Tetris/main/main.runs/impl_1/runme.log
WARNING: [filemgmt 20-344] File circular dependency detected using rule: define-before-use.
INFO: [filemgmt 20-352] Relaxing define-before-use dependency to only entity and package declarations.
reset_run synth_1
WARNING: [Vivado 12-1017] Problems encountered:
1. Failed to delete one or more files in run directory D:/Profiles/Administrator/Desktop/Tetris/main/main.runs/synth_1

launch_runs impl_1 -to_step write_bitstream
WARNING: [filemgmt 20-344] File circular dependency detected using rule: define-before-use.
INFO: [filemgmt 20-352] Relaxing define-before-use dependency to only entity and package declarations.
[Sat Apr 13 20:58:30 2019] Launched synth_1...
Run output will be captured here: D:/Profiles/Administrator/Desktop/Tetris/main/main.runs/synth_1/runme.log
[Sat Apr 13 20:58:30 2019] Launched impl_1...
Run output will be captured here: D:/Profiles/Administrator/Desktop/Tetris/main/main.runs/impl_1/runme.log
set_property PROBES.FILE {} [lindex [get_hw_devices xc7z020_1] 0]
set_property PROGRAM.FILE {D:/Profiles/Administrator/Desktop/Tetris/main/main.runs/impl_1/main.bit} [lindex [get_hw_devices xc7z020_1] 0]
program_hw_devices [lindex [get_hw_devices xc7z020_1] 0]
INFO: [Labtools 27-3164] End of startup status: HIGH
refresh_hw_device [lindex [get_hw_devices xc7z020_1] 0]
INFO: [Labtools 27-1434] Device xc7z020 (JTAG device index = 1) is programmed with a design that has no supported debug core(s) in it.
WARNING: [Labtools 27-3123] The debug hub core was not detected at User Scan Chain 1 or 3.
Resolution: 
1. Make sure the clock connected to the debug hub (dbg_hub) core is a free running clock and is active OR
2. Manually launch hw_server with -e "set xsdb-user-bscan <C_USER_SCAN_CHAIN scan_chain_number>" to detect the debug hub at User Scan Chain of 2 or 4. To determine the user scan chain setting, open the implemented design and use: get_property C_USER_SCAN_CHAIN [get_debug_cores dbg_hub].
close [ open D:/Profiles/Administrator/Desktop/Tetris/main/main.srcs/sources_1/new/falling.vhd w ]
add_files D:/Profiles/Administrator/Desktop/Tetris/main/main.srcs/sources_1/new/falling.vhd
WARNING: [filemgmt 20-344] File circular dependency detected using rule: define-before-use.
INFO: [filemgmt 20-352] Relaxing define-before-use dependency to only entity and package declarations.
reset_run synth_1
WARNING: [Vivado 12-1017] Problems encountered:
1. Failed to delete one or more files in run directory D:/Profiles/Administrator/Desktop/Tetris/main/main.runs/synth_1

launch_runs impl_1
WARNING: [filemgmt 20-344] File circular dependency detected using rule: define-before-use.
INFO: [filemgmt 20-352] Relaxing define-before-use dependency to only entity and package declarations.
[Sat Apr 13 21:08:09 2019] Launched synth_1...
Run output will be captured here: D:/Profiles/Administrator/Desktop/Tetris/main/main.runs/synth_1/runme.log
[Sat Apr 13 21:08:09 2019] Launched impl_1...
Run output will be captured here: D:/Profiles/Administrator/Desktop/Tetris/main/main.runs/impl_1/runme.log
WARNING: [filemgmt 20-344] File circular dependency detected using rule: define-before-use.
INFO: [filemgmt 20-352] Relaxing define-before-use dependency to only entity and package declarations.
launch_runs impl_1 -to_step write_bitstream
[Sat Apr 13 21:10:07 2019] Launched impl_1...
Run output will be captured here: D:/Profiles/Administrator/Desktop/Tetris/main/main.runs/impl_1/runme.log
set_property PROBES.FILE {} [lindex [get_hw_devices xc7z020_1] 0]
set_property PROGRAM.FILE {D:/Profiles/Administrator/Desktop/Tetris/main/main.runs/impl_1/main.bit} [lindex [get_hw_devices xc7z020_1] 0]
program_hw_devices [lindex [get_hw_devices xc7z020_1] 0]
INFO: [Labtools 27-3164] End of startup status: HIGH
refresh_hw_device [lindex [get_hw_devices xc7z020_1] 0]
INFO: [Labtools 27-1434] Device xc7z020 (JTAG device index = 1) is programmed with a design that has no supported debug core(s) in it.
WARNING: [Labtools 27-3123] The debug hub core was not detected at User Scan Chain 1 or 3.
Resolution: 
1. Make sure the clock connected to the debug hub (dbg_hub) core is a free running clock and is active OR
2. Manually launch hw_server with -e "set xsdb-user-bscan <C_USER_SCAN_CHAIN scan_chain_number>" to detect the debug hub at User Scan Chain of 2 or 4. To determine the user scan chain setting, open the implemented design and use: get_property C_USER_SCAN_CHAIN [get_debug_cores dbg_hub].
WARNING: [filemgmt 20-344] File circular dependency detected using rule: define-before-use.
INFO: [filemgmt 20-352] Relaxing define-before-use dependency to only entity and package declarations.
