Copyright 1986-2016 Xilinx, Inc. All Rights Reserved.
-------------------------------------------------------------------------------------------------------------------------------------------------
| Tool Version : Vivado v.2016.3 (win64) Build 1682563 Mon Oct 10 19:07:27 MDT 2016
| Date         : Tue Apr 09 23:45:26 2019
| Host         : 1004-9020-1819-030 running 64-bit Service Pack 1  (build 7601)
| Command      : report_timing_summary -warn_on_violation -max_paths 10 -file main_timing_summary_routed.rpt -rpx main_timing_summary_routed.rpx
| Design       : main
| Device       : 7z020-clg484
| Speed File   : -1  PRODUCTION 1.11 2014-09-11
-------------------------------------------------------------------------------------------------------------------------------------------------

Timing Summary Report

------------------------------------------------------------------------------------------------
| Timer Settings
| --------------
------------------------------------------------------------------------------------------------

  Enable Multi Corner Analysis               :  Yes
  Enable Pessimism Removal                   :  Yes
  Pessimism Removal Resolution               :  Nearest Common Node
  Enable Input Delay Default Clock           :  No
  Enable Preset / Clear Arcs                 :  No
  Disable Flight Delays                      :  No
  Ignore I/O Paths                           :  No
  Timing Early Launch at Borrowing Latches   :  false

  Corner  Analyze    Analyze    
  Name    Max Paths  Min Paths  
  ------  ---------  ---------  
  Slow    Yes        Yes        
  Fast    Yes        Yes        



check_timing report

Table of Contents
-----------------
1. checking no_clock
2. checking constant_clock
3. checking pulse_width_clock
4. checking unconstrained_internal_endpoints
5. checking no_input_delay
6. checking no_output_delay
7. checking multiple_clock
8. checking generated_clocks
9. checking loops
10. checking partial_input_delay
11. checking partial_output_delay
12. checking latch_loops

1. checking no_clock
--------------------
 There are 24 register/latch pins with no clock driven by root clock pin: DISPLAY/clk25MHz_reg/Q (HIGH)

 There is 1 register/latch pin with no clock driven by root clock pin: DISPLAY/clk50MHz_reg/Q (HIGH)

 There is 1 register/latch pin with no clock driven by root clock pin: DISPLAY/hcount_reg[0]/Q (HIGH)

 There is 1 register/latch pin with no clock driven by root clock pin: DISPLAY/hcount_reg[10]/Q (HIGH)

 There is 1 register/latch pin with no clock driven by root clock pin: DISPLAY/hcount_reg[11]/Q (HIGH)

 There is 1 register/latch pin with no clock driven by root clock pin: DISPLAY/hcount_reg[1]/Q (HIGH)

 There is 1 register/latch pin with no clock driven by root clock pin: DISPLAY/hcount_reg[2]/Q (HIGH)

 There is 1 register/latch pin with no clock driven by root clock pin: DISPLAY/hcount_reg[3]/Q (HIGH)

 There is 1 register/latch pin with no clock driven by root clock pin: DISPLAY/hcount_reg[4]/Q (HIGH)

 There is 1 register/latch pin with no clock driven by root clock pin: DISPLAY/hcount_reg[5]/Q (HIGH)

 There is 1 register/latch pin with no clock driven by root clock pin: DISPLAY/hcount_reg[6]/Q (HIGH)

 There is 1 register/latch pin with no clock driven by root clock pin: DISPLAY/hcount_reg[7]/Q (HIGH)

 There is 1 register/latch pin with no clock driven by root clock pin: DISPLAY/hcount_reg[8]/Q (HIGH)

 There is 1 register/latch pin with no clock driven by root clock pin: DISPLAY/hcount_reg[9]/Q (HIGH)

 There is 1 register/latch pin with no clock driven by root clock pin: DISPLAY/vcount_reg[0]/Q (HIGH)

 There is 1 register/latch pin with no clock driven by root clock pin: DISPLAY/vcount_reg[10]/Q (HIGH)

 There is 1 register/latch pin with no clock driven by root clock pin: DISPLAY/vcount_reg[11]/Q (HIGH)

 There is 1 register/latch pin with no clock driven by root clock pin: DISPLAY/vcount_reg[1]/Q (HIGH)

 There is 1 register/latch pin with no clock driven by root clock pin: DISPLAY/vcount_reg[2]/Q (HIGH)

 There is 1 register/latch pin with no clock driven by root clock pin: DISPLAY/vcount_reg[3]/Q (HIGH)

 There is 1 register/latch pin with no clock driven by root clock pin: DISPLAY/vcount_reg[4]/Q (HIGH)

 There is 1 register/latch pin with no clock driven by root clock pin: DISPLAY/vcount_reg[5]/Q (HIGH)

 There is 1 register/latch pin with no clock driven by root clock pin: DISPLAY/vcount_reg[6]/Q (HIGH)

 There is 1 register/latch pin with no clock driven by root clock pin: DISPLAY/vcount_reg[7]/Q (HIGH)

 There is 1 register/latch pin with no clock driven by root clock pin: DISPLAY/vcount_reg[8]/Q (HIGH)

 There is 1 register/latch pin with no clock driven by root clock pin: DISPLAY/vcount_reg[9]/Q (HIGH)


2. checking constant_clock
--------------------------
 There are 0 register/latch pins with constant_clock.


3. checking pulse_width_clock
-----------------------------
 There are 0 register/latch pins which need pulse_width check


4. checking unconstrained_internal_endpoints
--------------------------------------------
 There are 62 pins that are not constrained for maximum delay. (HIGH)

 There are 0 pins that are not constrained for maximum delay due to constant clock.


5. checking no_input_delay
--------------------------
 There are 0 input ports with no input delay specified.

 There are 0 input ports with no input delay but user has a false path constraint.


6. checking no_output_delay
---------------------------
 There are 14 ports with no output delay specified. (HIGH)

 There are 0 ports with no output delay but user has a false path constraint

 There are 0 ports with no output delay but with a timing clock defined on it or propagating through it


7. checking multiple_clock
--------------------------
 There are 0 register/latch pins with multiple clocks.


8. checking generated_clocks
----------------------------
 There are 0 generated clocks that are not connected to a clock source.


9. checking loops
-----------------
 There are 0 combinational loops in the design.


10. checking partial_input_delay
--------------------------------
 There are 0 input ports with partial input delay specified.


11. checking partial_output_delay
---------------------------------
 There are 0 ports with partial output delay specified.


12. checking latch_loops
------------------------
 There are 0 combinational latch loops in the design through latch input



------------------------------------------------------------------------------------------------
| Design Timing Summary
| ---------------------
------------------------------------------------------------------------------------------------

    WNS(ns)      TNS(ns)  TNS Failing Endpoints  TNS Total Endpoints      WHS(ns)      THS(ns)  THS Failing Endpoints  THS Total Endpoints     WPWS(ns)     TPWS(ns)  TPWS Failing Endpoints  TPWS Total Endpoints  
    -------      -------  ---------------------  -------------------      -------      -------  ---------------------  -------------------     --------     --------  ----------------------  --------------------  
      8.706        0.000                      0                    1        0.329        0.000                      0                    1        4.500        0.000                       0                     2  


All user specified timing constraints are met.


------------------------------------------------------------------------------------------------
| Clock Summary
| -------------
------------------------------------------------------------------------------------------------

Clock      Waveform(ns)       Period(ns)      Frequency(MHz)
-----      ------------       ----------      --------------
clk100MHz  {0.000 5.000}      10.000          100.000         


------------------------------------------------------------------------------------------------
| Intra Clock Table
| -----------------
------------------------------------------------------------------------------------------------

Clock             WNS(ns)      TNS(ns)  TNS Failing Endpoints  TNS Total Endpoints      WHS(ns)      THS(ns)  THS Failing Endpoints  THS Total Endpoints     WPWS(ns)     TPWS(ns)  TPWS Failing Endpoints  TPWS Total Endpoints  
-----             -------      -------  ---------------------  -------------------      -------      -------  ---------------------  -------------------     --------     --------  ----------------------  --------------------  
clk100MHz           8.706        0.000                      0                    1        0.329        0.000                      0                    1        4.500        0.000                       0                     2  


------------------------------------------------------------------------------------------------
| Inter Clock Table
| -----------------
------------------------------------------------------------------------------------------------

From Clock    To Clock          WNS(ns)      TNS(ns)  TNS Failing Endpoints  TNS Total Endpoints      WHS(ns)      THS(ns)  THS Failing Endpoints  THS Total Endpoints  
----------    --------          -------      -------  ---------------------  -------------------      -------      -------  ---------------------  -------------------  


------------------------------------------------------------------------------------------------
| Other Path Groups Table
| -----------------------
------------------------------------------------------------------------------------------------

Path Group    From Clock    To Clock          WNS(ns)      TNS(ns)  TNS Failing Endpoints  TNS Total Endpoints      WHS(ns)      THS(ns)  THS Failing Endpoints  THS Total Endpoints  
----------    ----------    --------          -------      -------  ---------------------  -------------------      -------      -------  ---------------------  -------------------  


------------------------------------------------------------------------------------------------
| Timing Details
| --------------
------------------------------------------------------------------------------------------------


---------------------------------------------------------------------------------------------------
From Clock:  clk100MHz
  To Clock:  clk100MHz

Setup :            0  Failing Endpoints,  Worst Slack        8.706ns,  Total Violation        0.000ns
Hold  :            0  Failing Endpoints,  Worst Slack        0.329ns,  Total Violation        0.000ns
PW    :            0  Failing Endpoints,  Worst Slack        4.500ns,  Total Violation        0.000ns
---------------------------------------------------------------------------------------------------


Max Delay Paths
--------------------------------------------------------------------------------------
Slack (MET) :             8.706ns  (required time - arrival time)
  Source:                 DISPLAY/clk50MHz_reg/C
                            (rising edge-triggered cell FDRE clocked by clk100MHz  {rise@0.000ns fall@5.000ns period=10.000ns})
  Destination:            DISPLAY/clk50MHz_reg/D
                            (rising edge-triggered cell FDRE clocked by clk100MHz  {rise@0.000ns fall@5.000ns period=10.000ns})
  Path Group:             clk100MHz
  Path Type:              Setup (Max at Slow Process Corner)
  Requirement:            10.000ns  (clk100MHz rise@10.000ns - clk100MHz rise@0.000ns)
  Data Path Delay:        1.336ns  (logic 0.642ns (48.067%)  route 0.694ns (51.933%))
  Logic Levels:           1  (LUT1=1)
  Clock Path Skew:        0.000ns (DCD - SCD + CPR)
    Destination Clock Delay (DCD):    5.169ns = ( 15.169 - 10.000 ) 
    Source Clock Delay      (SCD):    5.627ns
    Clock Pessimism Removal (CPR):    0.458ns
  Clock Uncertainty:      0.035ns  ((TSJ^2 + TIJ^2)^1/2 + DJ) / 2 + PE
    Total System Jitter     (TSJ):    0.071ns
    Total Input Jitter      (TIJ):    0.000ns
    Discrete Jitter          (DJ):    0.000ns
    Phase Error              (PE):    0.000ns

    Location             Delay type                Incr(ns)  Path(ns)    Netlist Resource(s)
  -------------------------------------------------------------------    -------------------
                         (clock clk100MHz rise edge)
                                                      0.000     0.000 r  
    Y9                                                0.000     0.000 r  clk100MHz (IN)
                         net (fo=0)                   0.000     0.000    clk100MHz
    Y9                   IBUF (Prop_ibuf_I_O)         1.490     1.490 r  clk100MHz_IBUF_inst/O
                         net (fo=1, routed)           2.171     3.661    clk100MHz_IBUF
    BUFGCTRL_X0Y0        BUFG (Prop_bufg_I_O)         0.101     3.762 r  clk100MHz_IBUF_BUFG_inst/O
                         net (fo=1, routed)           1.865     5.627    DISPLAY/clk100MHz
    SLICE_X108Y20        FDRE                                         r  DISPLAY/clk50MHz_reg/C
  -------------------------------------------------------------------    -------------------
    SLICE_X108Y20        FDRE (Prop_fdre_C_Q)         0.518     6.145 f  DISPLAY/clk50MHz_reg/Q
                         net (fo=2, routed)           0.694     6.839    DISPLAY/clk50MHz
    SLICE_X108Y20        LUT1 (Prop_lut1_I0_O)        0.124     6.963 r  DISPLAY/clk50MHz_i_1/O
                         net (fo=1, routed)           0.000     6.963    DISPLAY/clk50MHz_i_1_n_0
    SLICE_X108Y20        FDRE                                         r  DISPLAY/clk50MHz_reg/D
  -------------------------------------------------------------------    -------------------

                         (clock clk100MHz rise edge)
                                                     10.000    10.000 r  
    Y9                                                0.000    10.000 r  clk100MHz (IN)
                         net (fo=0)                   0.000    10.000    clk100MHz
    Y9                   IBUF (Prop_ibuf_I_O)         1.420    11.420 r  clk100MHz_IBUF_inst/O
                         net (fo=1, routed)           1.972    13.392    clk100MHz_IBUF
    BUFGCTRL_X0Y0        BUFG (Prop_bufg_I_O)         0.091    13.483 r  clk100MHz_IBUF_BUFG_inst/O
                         net (fo=1, routed)           1.686    15.169    DISPLAY/clk100MHz
    SLICE_X108Y20        FDRE                                         r  DISPLAY/clk50MHz_reg/C
                         clock pessimism              0.458    15.627    
                         clock uncertainty           -0.035    15.592    
    SLICE_X108Y20        FDRE (Setup_fdre_C_D)        0.077    15.669    DISPLAY/clk50MHz_reg
  -------------------------------------------------------------------
                         required time                         15.669    
                         arrival time                          -6.963    
  -------------------------------------------------------------------
                         slack                                  8.706    





Min Delay Paths
--------------------------------------------------------------------------------------
Slack (MET) :             0.329ns  (arrival time - required time)
  Source:                 DISPLAY/clk50MHz_reg/C
                            (rising edge-triggered cell FDRE clocked by clk100MHz  {rise@0.000ns fall@5.000ns period=10.000ns})
  Destination:            DISPLAY/clk50MHz_reg/D
                            (rising edge-triggered cell FDRE clocked by clk100MHz  {rise@0.000ns fall@5.000ns period=10.000ns})
  Path Group:             clk100MHz
  Path Type:              Hold (Min at Fast Process Corner)
  Requirement:            0.000ns  (clk100MHz rise@0.000ns - clk100MHz rise@0.000ns)
  Data Path Delay:        0.449ns  (logic 0.209ns (46.587%)  route 0.240ns (53.413%))
  Logic Levels:           1  (LUT1=1)
  Clock Path Skew:        0.000ns (DCD - SCD - CPR)
    Destination Clock Delay (DCD):    2.093ns
    Source Clock Delay      (SCD):    1.577ns
    Clock Pessimism Removal (CPR):    0.516ns

    Location             Delay type                Incr(ns)  Path(ns)    Netlist Resource(s)
  -------------------------------------------------------------------    -------------------
                         (clock clk100MHz rise edge)
                                                      0.000     0.000 r  
    Y9                                                0.000     0.000 r  clk100MHz (IN)
                         net (fo=0)                   0.000     0.000    clk100MHz
    Y9                   IBUF (Prop_ibuf_I_O)         0.258     0.258 r  clk100MHz_IBUF_inst/O
                         net (fo=1, routed)           0.663     0.921    clk100MHz_IBUF
    BUFGCTRL_X0Y0        BUFG (Prop_bufg_I_O)         0.026     0.947 r  clk100MHz_IBUF_BUFG_inst/O
                         net (fo=1, routed)           0.630     1.577    DISPLAY/clk100MHz
    SLICE_X108Y20        FDRE                                         r  DISPLAY/clk50MHz_reg/C
  -------------------------------------------------------------------    -------------------
    SLICE_X108Y20        FDRE (Prop_fdre_C_Q)         0.164     1.741 f  DISPLAY/clk50MHz_reg/Q
                         net (fo=2, routed)           0.240     1.980    DISPLAY/clk50MHz
    SLICE_X108Y20        LUT1 (Prop_lut1_I0_O)        0.045     2.025 r  DISPLAY/clk50MHz_i_1/O
                         net (fo=1, routed)           0.000     2.025    DISPLAY/clk50MHz_i_1_n_0
    SLICE_X108Y20        FDRE                                         r  DISPLAY/clk50MHz_reg/D
  -------------------------------------------------------------------    -------------------

                         (clock clk100MHz rise edge)
                                                      0.000     0.000 r  
    Y9                                                0.000     0.000 r  clk100MHz (IN)
                         net (fo=0)                   0.000     0.000    clk100MHz
    Y9                   IBUF (Prop_ibuf_I_O)         0.446     0.446 r  clk100MHz_IBUF_inst/O
                         net (fo=1, routed)           0.719     1.165    clk100MHz_IBUF
    BUFGCTRL_X0Y0        BUFG (Prop_bufg_I_O)         0.029     1.194 r  clk100MHz_IBUF_BUFG_inst/O
                         net (fo=1, routed)           0.899     2.093    DISPLAY/clk100MHz
    SLICE_X108Y20        FDRE                                         r  DISPLAY/clk50MHz_reg/C
                         clock pessimism             -0.516     1.577    
    SLICE_X108Y20        FDRE (Hold_fdre_C_D)         0.120     1.697    DISPLAY/clk50MHz_reg
  -------------------------------------------------------------------
                         required time                         -1.697    
                         arrival time                           2.025    
  -------------------------------------------------------------------
                         slack                                  0.329    





Pulse Width Checks
--------------------------------------------------------------------------------------
Clock Name:         clk100MHz
Waveform(ns):       { 0.000 5.000 }
Period(ns):         10.000
Sources:            { clk100MHz }

Check Type        Corner  Lib Pin  Reference Pin  Required(ns)  Actual(ns)  Slack(ns)  Location       Pin
Min Period        n/a     BUFG/I   n/a            2.155         10.000      7.845      BUFGCTRL_X0Y0  clk100MHz_IBUF_BUFG_inst/I
Min Period        n/a     FDRE/C   n/a            1.000         10.000      9.000      SLICE_X108Y20  DISPLAY/clk50MHz_reg/C
Low Pulse Width   Slow    FDRE/C   n/a            0.500         5.000       4.500      SLICE_X108Y20  DISPLAY/clk50MHz_reg/C
Low Pulse Width   Fast    FDRE/C   n/a            0.500         5.000       4.500      SLICE_X108Y20  DISPLAY/clk50MHz_reg/C
High Pulse Width  Fast    FDRE/C   n/a            0.500         5.000       4.500      SLICE_X108Y20  DISPLAY/clk50MHz_reg/C
High Pulse Width  Slow    FDRE/C   n/a            0.500         5.000       4.500      SLICE_X108Y20  DISPLAY/clk50MHz_reg/C



